[rate] 12/5000 used this month (0.2%)
Checking @karpathy...
  → 2 new
Checking @ylecun...
  → 1 new
Checking @sama...
  → no new
Checking @DarioAmodei...
  → 1 new
Checking @DrJimFan...
  → 1 new
Checking @swyx...
  → no new
Checking @emollick...
  → empty response
Checking @AravSrinivas...
  → 1 new
Checking @GroqInc...
  → 1 new
Checking @VitalikButerin...
  → 3 new
Checking @balajis...
  → 3 new
Checking @CryptoHayes...
  → 3 new
Checking @100trillionUSD...
  → 3 new
Checking @MessariCrypto...
  → 2 new
Checking @elonmusk...
  → 3 new
Checking @satyanadella...
  → 3 new
Checking @benedictevans...
  → no new
Checking @levie...
  → 3 new
Checking @jason...
  → 3 new
